0 info it worked if it ends with ok
1 verbose cli [ '/Users/Q/.nvm/versions/node/v4.4.7/bin/node',
1 verbose cli   '/Users/Q/.nvm/versions/node/v4.4.7/bin/npm',
1 verbose cli   'install' ]
2 info using npm@4.0.3
3 info using node@v4.4.7
4 silly loadCurrentTree Starting
5 silly install loadCurrentTree
6 silly install readLocalPackageData
7 silly install normalizeTree
8 silly loadCurrentTree Finishing
9 silly loadIdealTree Starting
10 silly install loadIdealTree
11 silly cloneCurrentTree Starting
12 silly install cloneCurrentTreeToIdealTree
13 silly cloneCurrentTree Finishing
14 silly loadShrinkwrap Starting
15 silly install loadShrinkwrap
16 silly loadShrinkwrap Finishing
17 silly loadAllDepsIntoIdealTree Starting
18 silly install loadAllDepsIntoIdealTree
19 silly fetchNamedPackageData bootstrap-sass
20 silly mapToRegistry name bootstrap-sass
21 silly mapToRegistry using default registry
22 silly mapToRegistry registry https://registry.npmjs.org/
23 silly mapToRegistry data Result {
23 silly mapToRegistry   raw: 'bootstrap-sass',
23 silly mapToRegistry   scope: null,
23 silly mapToRegistry   escapedName: 'bootstrap-sass',
23 silly mapToRegistry   name: 'bootstrap-sass',
23 silly mapToRegistry   rawSpec: '',
23 silly mapToRegistry   spec: 'latest',
23 silly mapToRegistry   type: 'tag' }
24 silly mapToRegistry uri https://registry.npmjs.org/bootstrap-sass
25 silly fetchNamedPackageData bourbon
26 silly mapToRegistry name bourbon
27 silly mapToRegistry using default registry
28 silly mapToRegistry registry https://registry.npmjs.org/
29 silly mapToRegistry data Result {
29 silly mapToRegistry   raw: 'bourbon',
29 silly mapToRegistry   scope: null,
29 silly mapToRegistry   escapedName: 'bourbon',
29 silly mapToRegistry   name: 'bourbon',
29 silly mapToRegistry   rawSpec: '',
29 silly mapToRegistry   spec: 'latest',
29 silly mapToRegistry   type: 'tag' }
30 silly mapToRegistry uri https://registry.npmjs.org/bourbon
31 silly fetchNamedPackageData jquery
32 silly mapToRegistry name jquery
33 silly mapToRegistry using default registry
34 silly mapToRegistry registry https://registry.npmjs.org/
35 silly mapToRegistry data Result {
35 silly mapToRegistry   raw: 'jquery',
35 silly mapToRegistry   scope: null,
35 silly mapToRegistry   escapedName: 'jquery',
35 silly mapToRegistry   name: 'jquery',
35 silly mapToRegistry   rawSpec: '',
35 silly mapToRegistry   spec: 'latest',
35 silly mapToRegistry   type: 'tag' }
36 silly mapToRegistry uri https://registry.npmjs.org/jquery
37 verbose request uri https://registry.npmjs.org/jquery
38 verbose request no auth needed
39 info attempt registry request try #1 at 5:09:10 PM
40 verbose request id 2e2c7b84ec5c5759
41 http request GET https://registry.npmjs.org/jquery
42 info retry will retry, error on last attempt: Error: getaddrinfo ENOTFOUND registry.npmjs.org registry.npmjs.org:443
43 verbose request uri https://registry.npmjs.org/bourbon
44 verbose request no auth needed
45 info attempt registry request try #1 at 5:09:10 PM
46 verbose etag W/"581b4df3-5cab"
47 verbose lastModified Thu, 03 Nov 2016 14:47:15 GMT
48 http request GET https://registry.npmjs.org/bourbon
49 verbose request uri https://registry.npmjs.org/bootstrap-sass
50 verbose request no auth needed
51 info attempt registry request try #1 at 5:09:10 PM
52 verbose etag W/"584f7dea-7083"
53 verbose lastModified Tue, 13 Dec 2016 04:49:46 GMT
54 http request GET https://registry.npmjs.org/bootstrap-sass
55 info retry will retry, error on last attempt: Error: getaddrinfo ENOTFOUND registry.npmjs.org registry.npmjs.org:443
56 info retry will retry, error on last attempt: Error: getaddrinfo ENOTFOUND registry.npmjs.org registry.npmjs.org:443
57 info attempt registry request try #2 at 5:09:20 PM
58 http request GET https://registry.npmjs.org/jquery
59 info retry will retry, error on last attempt: Error: getaddrinfo ENOTFOUND registry.npmjs.org registry.npmjs.org:443
60 info attempt registry request try #2 at 5:09:20 PM
61 verbose etag W/"581b4df3-5cab"
62 verbose lastModified Thu, 03 Nov 2016 14:47:15 GMT
63 http request GET https://registry.npmjs.org/bourbon
64 info attempt registry request try #2 at 5:09:20 PM
65 verbose etag W/"584f7dea-7083"
66 verbose lastModified Tue, 13 Dec 2016 04:49:46 GMT
67 http request GET https://registry.npmjs.org/bootstrap-sass
68 info retry will retry, error on last attempt: Error: getaddrinfo ENOTFOUND registry.npmjs.org registry.npmjs.org:443
69 info retry will retry, error on last attempt: Error: getaddrinfo ENOTFOUND registry.npmjs.org registry.npmjs.org:443
70 info attempt registry request try #3 at 5:10:20 PM
71 http request GET https://registry.npmjs.org/jquery
72 silly fetchPackageMetaData Error: getaddrinfo ENOTFOUND registry.npmjs.org registry.npmjs.org:443
72 silly fetchPackageMetaData     at errnoException (dns.js:27:10)
72 silly fetchPackageMetaData     at GetAddrInfoReqWrap.onlookup [as oncomplete] (dns.js:78:26)
72 silly fetchPackageMetaData  error for jquery@^3.1.0 { [Error: getaddrinfo ENOTFOUND registry.npmjs.org registry.npmjs.org:443]
72 silly fetchPackageMetaData   code: 'ENOTFOUND',
72 silly fetchPackageMetaData   errno: 'ENOTFOUND',
72 silly fetchPackageMetaData   syscall: 'getaddrinfo',
72 silly fetchPackageMetaData   hostname: 'registry.npmjs.org',
72 silly fetchPackageMetaData   host: 'registry.npmjs.org',
72 silly fetchPackageMetaData   port: 443 }
73 info attempt registry request try #3 at 5:10:20 PM
74 verbose etag W/"581b4df3-5cab"
75 verbose lastModified Thu, 03 Nov 2016 14:47:15 GMT
76 http request GET https://registry.npmjs.org/bourbon
77 info attempt registry request try #3 at 5:10:20 PM
78 verbose etag W/"584f7dea-7083"
79 verbose lastModified Tue, 13 Dec 2016 04:49:46 GMT
80 http request GET https://registry.npmjs.org/bootstrap-sass
81 silly get cb [ 304, undefined ]
82 verbose etag https://registry.npmjs.org/bourbon from cache
83 verbose get saving bourbon to /Users/Q/.npm/registry.npmjs.org/bourbon/.cache.json
84 verbose correctMkdir /Users/Q/.npm correctMkdir not in flight; initializing
85 silly get cb [ 304, undefined ]
86 verbose etag https://registry.npmjs.org/bootstrap-sass from cache
87 verbose get saving bootstrap-sass to /Users/Q/.npm/registry.npmjs.org/bootstrap-sass/.cache.json
88 verbose correctMkdir /Users/Q/.npm correctMkdir already in flight; waiting
89 silly resolveWithNewModule bourbon@4.2.7 checking installable status
90 silly cache add args [ 'bourbon@^4.2.7', null ]
91 verbose cache add spec bourbon@^4.2.7
92 silly cache add parsed spec Result {
92 silly cache add   raw: 'bourbon@^4.2.7',
92 silly cache add   scope: null,
92 silly cache add   escapedName: 'bourbon',
92 silly cache add   name: 'bourbon',
92 silly cache add   rawSpec: '^4.2.7',
92 silly cache add   spec: '>=4.2.7 <5.0.0',
92 silly cache add   type: 'range' }
93 silly addNamed bourbon@>=4.2.7 <5.0.0
94 verbose addNamed ">=4.2.7 <5.0.0" is a valid semver range for bourbon
95 silly addNameRange { name: 'bourbon', range: '>=4.2.7 <5.0.0', hasData: false }
96 silly mapToRegistry name bourbon
97 silly mapToRegistry using default registry
98 silly mapToRegistry registry https://registry.npmjs.org/
99 silly mapToRegistry data Result {
99 silly mapToRegistry   raw: 'bourbon',
99 silly mapToRegistry   scope: null,
99 silly mapToRegistry   escapedName: 'bourbon',
99 silly mapToRegistry   name: 'bourbon',
99 silly mapToRegistry   rawSpec: '',
99 silly mapToRegistry   spec: 'latest',
99 silly mapToRegistry   type: 'tag' }
100 silly mapToRegistry uri https://registry.npmjs.org/bourbon
101 verbose addNameRange registry:https://registry.npmjs.org/bourbon not in flight; fetching
102 silly resolveWithNewModule bootstrap-sass@3.3.7 checking installable status
103 silly cache add args [ 'bootstrap-sass@^3.3.7', null ]
104 verbose cache add spec bootstrap-sass@^3.3.7
105 silly cache add parsed spec Result {
105 silly cache add   raw: 'bootstrap-sass@^3.3.7',
105 silly cache add   scope: null,
105 silly cache add   escapedName: 'bootstrap-sass',
105 silly cache add   name: 'bootstrap-sass',
105 silly cache add   rawSpec: '^3.3.7',
105 silly cache add   spec: '>=3.3.7 <4.0.0',
105 silly cache add   type: 'range' }
106 silly addNamed bootstrap-sass@>=3.3.7 <4.0.0
107 verbose addNamed ">=3.3.7 <4.0.0" is a valid semver range for bootstrap-sass
108 silly addNameRange { name: 'bootstrap-sass',
108 silly addNameRange   range: '>=3.3.7 <4.0.0',
108 silly addNameRange   hasData: false }
109 silly mapToRegistry name bootstrap-sass
110 silly mapToRegistry using default registry
111 silly mapToRegistry registry https://registry.npmjs.org/
112 silly mapToRegistry data Result {
112 silly mapToRegistry   raw: 'bootstrap-sass',
112 silly mapToRegistry   scope: null,
112 silly mapToRegistry   escapedName: 'bootstrap-sass',
112 silly mapToRegistry   name: 'bootstrap-sass',
112 silly mapToRegistry   rawSpec: '',
112 silly mapToRegistry   spec: 'latest',
112 silly mapToRegistry   type: 'tag' }
113 silly mapToRegistry uri https://registry.npmjs.org/bootstrap-sass
114 verbose addNameRange registry:https://registry.npmjs.org/bootstrap-sass not in flight; fetching
115 verbose get https://registry.npmjs.org/bourbon not expired, no request
116 silly addNameRange number 2 { name: 'bourbon', range: '>=4.2.7 <5.0.0', hasData: true }
117 silly addNameRange versions [ 'bourbon',
117 silly addNameRange   [ '4.1.1',
117 silly addNameRange     '4.2.0-pre',
117 silly addNameRange     '4.2.0-beta',
117 silly addNameRange     '4.2.0',
117 silly addNameRange     '4.2.1',
117 silly addNameRange     '4.2.2',
117 silly addNameRange     '4.2.3',
117 silly addNameRange     '4.2.4',
117 silly addNameRange     '4.2.5',
117 silly addNameRange     '4.2.6',
117 silly addNameRange     '5.0.0-beta.4',
117 silly addNameRange     '5.0.0-beta.5',
117 silly addNameRange     '4.2.7',
117 silly addNameRange     '5.0.0-beta.6',
117 silly addNameRange     '5.0.0-beta.7' ] ]
118 silly addNamed bourbon@4.2.7
119 verbose addNamed "4.2.7" is a plain semver version for bourbon
120 verbose get https://registry.npmjs.org/bootstrap-sass not expired, no request
121 silly addNameRange number 2 { name: 'bootstrap-sass',
121 silly addNameRange   range: '>=3.3.7 <4.0.0',
121 silly addNameRange   hasData: true }
122 silly addNameRange versions [ 'bootstrap-sass',
122 silly addNameRange   [ '2.3.2',
122 silly addNameRange     '3.1.1',
122 silly addNameRange     '3.2.0',
122 silly addNameRange     '3.3.0',
122 silly addNameRange     '3.3.1',
122 silly addNameRange     '3.3.2',
122 silly addNameRange     '3.3.3',
122 silly addNameRange     '3.3.4',
122 silly addNameRange     '3.3.5',
122 silly addNameRange     '3.3.6',
122 silly addNameRange     '3.3.7' ] ]
123 silly addNamed bootstrap-sass@3.3.7
124 verbose addNamed "3.3.7" is a plain semver version for bootstrap-sass
125 silly cache afterAdd bourbon@4.2.7
126 verbose afterAdd /Users/Q/.npm/bourbon/4.2.7/package/package.json not in flight; writing
127 verbose correctMkdir /Users/Q/.npm correctMkdir not in flight; initializing
128 silly cache afterAdd bootstrap-sass@3.3.7
129 verbose afterAdd /Users/Q/.npm/bootstrap-sass/3.3.7/package/package.json not in flight; writing
130 verbose correctMkdir /Users/Q/.npm correctMkdir not in flight; initializing
131 verbose afterAdd /Users/Q/.npm/bourbon/4.2.7/package/package.json written
132 verbose afterAdd /Users/Q/.npm/bootstrap-sass/3.3.7/package/package.json written
133 silly rollbackFailedOptional Starting
134 silly rollbackFailedOptional Finishing
135 silly runTopLevelLifecycles Finishing
136 silly install printInstalled
137 verbose stack Error: getaddrinfo ENOTFOUND registry.npmjs.org registry.npmjs.org:443
137 verbose stack     at errnoException (dns.js:27:10)
137 verbose stack     at GetAddrInfoReqWrap.onlookup [as oncomplete] (dns.js:78:26)
138 verbose cwd /Users/Q/Sites/timberjack
139 error Darwin 15.6.0
140 error argv "/Users/Q/.nvm/versions/node/v4.4.7/bin/node" "/Users/Q/.nvm/versions/node/v4.4.7/bin/npm" "install"
141 error node v4.4.7
142 error npm  v4.0.3
143 error code ENOTFOUND
144 error errno ENOTFOUND
145 error syscall getaddrinfo
146 error network getaddrinfo ENOTFOUND registry.npmjs.org registry.npmjs.org:443
147 error network This is most likely not a problem with npm itself
147 error network and is related to network connectivity.
147 error network In most cases you are behind a proxy or have bad network settings.
147 error network
147 error network If you are behind a proxy, please make sure that the
147 error network 'proxy' config is set properly.  See: 'npm help config'
148 verbose exit [ 1, true ]
